2016-07-18T10:01:26+00:00 DEBUG (7): Cybersource SOAP Request Error  : => SoapFault exception: [wsse:InvalidSecurity] 
Security Data : illegal null input
 in /home/mycarthk/public_html/magento/app/code/community/MD/Cybersource/Model/Api/Soap.php:563
Stack trace:
#0 /home/mycarthk/public_html/magento/app/code/community/MD/Cybersource/Model/Api/Soap.php(563): SoapClient->__call('runTransaction', Array)
#1 /home/mycarthk/public_html/magento/app/code/community/MD/Cybersource/Model/Api/Soap.php(563): MD_Cybersource_Model_Api_Soapclient->runTransaction(Object(stdClass))
#2 /home/mycarthk/public_html/magento/app/code/community/MD/Cybersource/Model/Api/Soap.php(379): MD_Cybersource_Model_Api_Soap->_postRequest(Object(stdClass))
#3 /home/mycarthk/public_html/magento/app/code/community/MD/Cybersource/Model/Payment.php(331): MD_Cybersource_Model_Api_Soap->prepareAuthorizeResponse(Object(Mage_Sales_Model_Order_Payment), 23498, false)
#4 /home/mycarthk/public_html/magento/app/code/core/Mage/Sales/Model/Order/Payment.php(1089): MD_Cybersource_Model_Payment->authorize(Object(Mage_Sales_Model_Order_Payment), 23498)
#5 /home/mycarthk/public_html/magento/app/code/core/Mage/Sales/Model/Order/Payment.php(342): Mage_Sales_Model_Order_Payment->_authorize(true, 23498)
#6 /home/mycarthk/public_html/magento/app/code/core/Mage/Sales/Model/Order.php(896): Mage_Sales_Model_Order_Payment->place()
#7 /home/mycarthk/public_html/magento/app/code/core/Mage/Sales/Model/Order.php(1114): Mage_Sales_Model_Order->_placePayment()
#8 [internal function]: Mage_Sales_Model_Order->place()
#9 /home/mycarthk/public_html/magento/app/code/core/Mage/Core/Model/Resource/Transaction.php(105): call_user_func(Array)
#10 /home/mycarthk/public_html/magento/app/code/core/Mage/Core/Model/Resource/Transaction.php(159): Mage_Core_Model_Resource_Transaction->_runCallbacks()
#11 /home/mycarthk/public_html/magento/app/code/core/Mage/Sales/Model/Service/Quote.php(189): Mage_Core_Model_Resource_Transaction->save()
#12 /home/mycarthk/public_html/magento/app/code/core/Mage/Sales/Model/Service/Quote.php(249): Mage_Sales_Model_Service_Quote->submitOrder()
#13 /home/mycarthk/public_html/magento/app/code/core/Mage/Checkout/Model/Type/Onepage.php(812): Mage_Sales_Model_Service_Quote->submitAll()
#14 /home/mycarthk/public_html/magento/app/code/core/Mage/Checkout/controllers/OnepageController.php(579): Mage_Checkout_Model_Type_Onepage->saveOrder()
#15 /home/mycarthk/public_html/magento/app/code/core/Mage/Core/Controller/Varien/Action.php(418): Mage_Checkout_OnepageController->saveOrderAction()
#16 /home/mycarthk/public_html/magento/app/code/core/Mage/Core/Controller/Varien/Router/Standard.php(254): Mage_Core_Controller_Varien_Action->dispatch('saveOrder')
#17 /home/mycarthk/public_html/magento/app/code/core/Mage/Core/Controller/Varien/Front.php(172): Mage_Core_Controller_Varien_Router_Standard->match(Object(Mage_Core_Controller_Request_Http))
#18 /home/mycarthk/public_html/magento/app/code/core/Mage/Core/Model/App.php(365): Mage_Core_Controller_Varien_Front->dispatch()
#19 /home/mycarthk/public_html/magento/app/Mage.php(684): Mage_Core_Model_App->run(Array)
#20 /home/mycarthk/public_html/magento/index.php(83): Mage::run('', 'store')
#21 {main}
2016-07-18T10:02:39+00:00 DEBUG (7): Cybersource SOAP Request Error  : => SoapFault exception: [wsse:InvalidSecurity] 
Security Data : illegal null input
 in /home/mycarthk/public_html/magento/app/code/community/MD/Cybersource/Model/Api/Soap.php:563
Stack trace:
#0 /home/mycarthk/public_html/magento/app/code/community/MD/Cybersource/Model/Api/Soap.php(563): SoapClient->__call('runTransaction', Array)
#1 /home/mycarthk/public_html/magento/app/code/community/MD/Cybersource/Model/Api/Soap.php(563): MD_Cybersource_Model_Api_Soapclient->runTransaction(Object(stdClass))
#2 /home/mycarthk/public_html/magento/app/code/community/MD/Cybersource/Model/Api/Soap.php(379): MD_Cybersource_Model_Api_Soap->_postRequest(Object(stdClass))
#3 /home/mycarthk/public_html/magento/app/code/community/MD/Cybersource/Model/Payment.php(331): MD_Cybersource_Model_Api_Soap->prepareAuthorizeResponse(Object(Mage_Sales_Model_Order_Payment), 23498, false)
#4 /home/mycarthk/public_html/magento/app/code/core/Mage/Sales/Model/Order/Payment.php(1089): MD_Cybersource_Model_Payment->authorize(Object(Mage_Sales_Model_Order_Payment), 23498)
#5 /home/mycarthk/public_html/magento/app/code/core/Mage/Sales/Model/Order/Payment.php(342): Mage_Sales_Model_Order_Payment->_authorize(true, 23498)
#6 /home/mycarthk/public_html/magento/app/code/core/Mage/Sales/Model/Order.php(896): Mage_Sales_Model_Order_Payment->place()
#7 /home/mycarthk/public_html/magento/app/code/core/Mage/Sales/Model/Order.php(1114): Mage_Sales_Model_Order->_placePayment()
#8 [internal function]: Mage_Sales_Model_Order->place()
#9 /home/mycarthk/public_html/magento/app/code/core/Mage/Core/Model/Resource/Transaction.php(105): call_user_func(Array)
#10 /home/mycarthk/public_html/magento/app/code/core/Mage/Core/Model/Resource/Transaction.php(159): Mage_Core_Model_Resource_Transaction->_runCallbacks()
#11 /home/mycarthk/public_html/magento/app/code/core/Mage/Sales/Model/Service/Quote.php(189): Mage_Core_Model_Resource_Transaction->save()
#12 /home/mycarthk/public_html/magento/app/code/core/Mage/Sales/Model/Service/Quote.php(249): Mage_Sales_Model_Service_Quote->submitOrder()
#13 /home/mycarthk/public_html/magento/app/code/core/Mage/Checkout/Model/Type/Onepage.php(812): Mage_Sales_Model_Service_Quote->submitAll()
#14 /home/mycarthk/public_html/magento/app/code/core/Mage/Checkout/controllers/OnepageController.php(579): Mage_Checkout_Model_Type_Onepage->saveOrder()
#15 /home/mycarthk/public_html/magento/app/code/core/Mage/Core/Controller/Varien/Action.php(418): Mage_Checkout_OnepageController->saveOrderAction()
#16 /home/mycarthk/public_html/magento/app/code/core/Mage/Core/Controller/Varien/Router/Standard.php(254): Mage_Core_Controller_Varien_Action->dispatch('saveOrder')
#17 /home/mycarthk/public_html/magento/app/code/core/Mage/Core/Controller/Varien/Front.php(172): Mage_Core_Controller_Varien_Router_Standard->match(Object(Mage_Core_Controller_Request_Http))
#18 /home/mycarthk/public_html/magento/app/code/core/Mage/Core/Model/App.php(365): Mage_Core_Controller_Varien_Front->dispatch()
#19 /home/mycarthk/public_html/magento/app/Mage.php(684): Mage_Core_Model_App->run(Array)
#20 /home/mycarthk/public_html/magento/index.php(83): Mage::run('', 'store')
#21 {main}
2016-07-24T11:06:20+00:00 DEBUG (7): Cybersource SOAP Request Error  : => SoapFault exception: [wsse:InvalidSecurity] 
Security Data : illegal null input
 in /home/mycarthk/public_html/magento/app/code/community/MD/Cybersource/Model/Api/Soap.php:563
Stack trace:
#0 /home/mycarthk/public_html/magento/app/code/community/MD/Cybersource/Model/Api/Soap.php(563): SoapClient->__call('runTransaction', Array)
#1 /home/mycarthk/public_html/magento/app/code/community/MD/Cybersource/Model/Api/Soap.php(563): MD_Cybersource_Model_Api_Soapclient->runTransaction(Object(stdClass))
#2 /home/mycarthk/public_html/magento/app/code/community/MD/Cybersource/Model/Api/Soap.php(379): MD_Cybersource_Model_Api_Soap->_postRequest(Object(stdClass))
#3 /home/mycarthk/public_html/magento/app/code/community/MD/Cybersource/Model/Payment.php(331): MD_Cybersource_Model_Api_Soap->prepareAuthorizeResponse(Object(Mage_Sales_Model_Order_Payment), 67000, false)
#4 /home/mycarthk/public_html/magento/app/code/core/Mage/Sales/Model/Order/Payment.php(1089): MD_Cybersource_Model_Payment->authorize(Object(Mage_Sales_Model_Order_Payment), 67000)
#5 /home/mycarthk/public_html/magento/app/code/core/Mage/Sales/Model/Order/Payment.php(342): Mage_Sales_Model_Order_Payment->_authorize(true, 67000)
#6 /home/mycarthk/public_html/magento/app/code/core/Mage/Sales/Model/Order.php(896): Mage_Sales_Model_Order_Payment->place()
#7 /home/mycarthk/public_html/magento/app/code/core/Mage/Sales/Model/Order.php(1114): Mage_Sales_Model_Order->_placePayment()
#8 [internal function]: Mage_Sales_Model_Order->place()
#9 /home/mycarthk/public_html/magento/app/code/core/Mage/Core/Model/Resource/Transaction.php(105): call_user_func(Array)
#10 /home/mycarthk/public_html/magento/app/code/core/Mage/Core/Model/Resource/Transaction.php(159): Mage_Core_Model_Resource_Transaction->_runCallbacks()
#11 /home/mycarthk/public_html/magento/app/code/core/Mage/Sales/Model/Service/Quote.php(189): Mage_Core_Model_Resource_Transaction->save()
#12 /home/mycarthk/public_html/magento/app/code/core/Mage/Sales/Model/Service/Quote.php(249): Mage_Sales_Model_Service_Quote->submitOrder()
#13 /home/mycarthk/public_html/magento/app/code/core/Mage/Checkout/Model/Type/Onepage.php(812): Mage_Sales_Model_Service_Quote->submitAll()
#14 /home/mycarthk/public_html/magento/app/code/core/Mage/Checkout/controllers/OnepageController.php(579): Mage_Checkout_Model_Type_Onepage->saveOrder()
#15 /home/mycarthk/public_html/magento/app/code/core/Mage/Core/Controller/Varien/Action.php(418): Mage_Checkout_OnepageController->saveOrderAction()
#16 /home/mycarthk/public_html/magento/app/code/core/Mage/Core/Controller/Varien/Router/Standard.php(254): Mage_Core_Controller_Varien_Action->dispatch('saveOrder')
#17 /home/mycarthk/public_html/magento/app/code/core/Mage/Core/Controller/Varien/Front.php(172): Mage_Core_Controller_Varien_Router_Standard->match(Object(Mage_Core_Controller_Request_Http))
#18 /home/mycarthk/public_html/magento/app/code/core/Mage/Core/Model/App.php(365): Mage_Core_Controller_Varien_Front->dispatch()
#19 /home/mycarthk/public_html/magento/app/Mage.php(684): Mage_Core_Model_App->run(Array)
#20 /home/mycarthk/public_html/magento/index.php(83): Mage::run('', 'store')
#21 {main}
2016-08-23T09:36:29+00:00 DEBUG (7): Cybersource SOAP Request Error  : => SoapFault exception: [wsse:InvalidSecurity] 
Security Data : illegal null input
 in /home/mycarthk/public_html/magento/app/code/community/MD/Cybersource/Model/Api/Soap.php:563
Stack trace:
#0 /home/mycarthk/public_html/magento/app/code/community/MD/Cybersource/Model/Api/Soap.php(563): SoapClient->__call('runTransaction', Array)
#1 /home/mycarthk/public_html/magento/app/code/community/MD/Cybersource/Model/Api/Soap.php(563): MD_Cybersource_Model_Api_Soapclient->runTransaction(Object(stdClass))
#2 /home/mycarthk/public_html/magento/app/code/community/MD/Cybersource/Model/Api/Soap.php(379): MD_Cybersource_Model_Api_Soap->_postRequest(Object(stdClass))
#3 /home/mycarthk/public_html/magento/app/code/community/MD/Cybersource/Model/Payment.php(331): MD_Cybersource_Model_Api_Soap->prepareAuthorizeResponse(Object(Mage_Sales_Model_Order_Payment), 2338, false)
#4 /home/mycarthk/public_html/magento/app/code/core/Mage/Sales/Model/Order/Payment.php(1089): MD_Cybersource_Model_Payment->authorize(Object(Mage_Sales_Model_Order_Payment), 2338)
#5 /home/mycarthk/public_html/magento/app/code/core/Mage/Sales/Model/Order/Payment.php(342): Mage_Sales_Model_Order_Payment->_authorize(true, 2338)
#6 /home/mycarthk/public_html/magento/app/code/core/Mage/Sales/Model/Order.php(896): Mage_Sales_Model_Order_Payment->place()
#7 /home/mycarthk/public_html/magento/app/code/core/Mage/Sales/Model/Order.php(1114): Mage_Sales_Model_Order->_placePayment()
#8 [internal function]: Mage_Sales_Model_Order->place()
#9 /home/mycarthk/public_html/magento/app/code/core/Mage/Core/Model/Resource/Transaction.php(105): call_user_func(Array)
#10 /home/mycarthk/public_html/magento/app/code/core/Mage/Core/Model/Resource/Transaction.php(159): Mage_Core_Model_Resource_Transaction->_runCallbacks()
#11 /home/mycarthk/public_html/magento/app/code/core/Mage/Sales/Model/Service/Quote.php(189): Mage_Core_Model_Resource_Transaction->save()
#12 /home/mycarthk/public_html/magento/app/code/core/Mage/Sales/Model/Service/Quote.php(249): Mage_Sales_Model_Service_Quote->submitOrder()
#13 /home/mycarthk/public_html/magento/app/code/core/Mage/Checkout/Model/Type/Onepage.php(812): Mage_Sales_Model_Service_Quote->submitAll()
#14 /home/mycarthk/public_html/magento/app/code/core/Mage/Checkout/controllers/OnepageController.php(579): Mage_Checkout_Model_Type_Onepage->saveOrder()
#15 /home/mycarthk/public_html/magento/app/code/core/Mage/Core/Controller/Varien/Action.php(418): Mage_Checkout_OnepageController->saveOrderAction()
#16 /home/mycarthk/public_html/magento/app/code/core/Mage/Core/Controller/Varien/Router/Standard.php(254): Mage_Core_Controller_Varien_Action->dispatch('saveOrder')
#17 /home/mycarthk/public_html/magento/app/code/core/Mage/Core/Controller/Varien/Front.php(172): Mage_Core_Controller_Varien_Router_Standard->match(Object(Mage_Core_Controller_Request_Http))
#18 /home/mycarthk/public_html/magento/app/code/core/Mage/Core/Model/App.php(365): Mage_Core_Controller_Varien_Front->dispatch()
#19 /home/mycarthk/public_html/magento/app/Mage.php(684): Mage_Core_Model_App->run(Array)
#20 /home/mycarthk/public_html/magento/index.php(83): Mage::run('', 'store')
#21 {main}
